Mplus VERSION 8.6 (Mac)
MUTHEN & MUTHEN
02/21/2023   1:00 PM

INPUT INSTRUCTIONS

  TITLE:
  Step2_bch_automation
  DATA:
  FILE = "/Users/agarber/github/BCH-MplusAuto/bch_mplus/step2_bch_moderation.dat";

  VARIABLE:
  NAMES = REPORT_D REPORT_R REPORT_S COUNSELO PSYCH_FT LAW_FTE LUNCH_PR READ_TES
       MATH_TES BCHW1 BCHW2 BCHW3 CPROB1 CPROB2 CPROB3 N;
   MISSING=.;
   usevar = BCHW1-BCHW3 read_tes math_tes lunch_pr;
    missing are all (999);
    classes = c(3);
    training = BCHW1-BCHW3(bch);
  DEFINE:
  center lunch_pr (grandmean);
  ANALYSIS:
  estimator = mlr;
    type = mixture;
    starts = 0;
  MODEL:
  !!! DISTAL OUTCOMES = read_tes math_tes !!!
    !!! COVARIATE = lunch_pr !!!

    %OVERALL%

    C on lunch_pr;

    read_tes on lunch_pr;
    read_tes;

    math_tes on lunch_pr;
    math_tes;

    %C#1%

    [read_tes](m01);               !!! estimate conditional intercept mean !!!
    read_tes;                      !!! estimate conditional intercept variance !!!
    read_tes on lunch_pr (s01);    !!! estimate conditional regression !!!

    [math_tes] (m1);
    math_tes;
    math_tes on lunch_pr (s1);

    %C#2%

    [read_tes](m02);
    read_tes;
    read_tes on lunch_pr (s02);

    [math_tes] (m2);
    math_tes;
    math_tes on lunch_pr (s2);

    %C#3%

    [read_tes](m03);
    read_tes;
    read_tes on lunch_pr (s03);

    [math_tes] (m3);
    math_tes;
    math_tes on lunch_pr (s3);
  MODEL CONSTRAINT:
  New (rdiff12 rdiff13
    rdiff23 rslope12 rslope13
    rslope23 mdiff12 mdiff13
    mdiff23 mslope12 mslope13
    mslope23);

    rdiff12 = m1-m2;   mdiff12 = m01-m02;
    rdiff13 = m1-m3;   mdiff13 = m01-m03;
    rdiff23 = m2-m3;   mdiff23 = m02-m03;
    rslope12 = s1-s2;  mslope12 = s01-s02;
    rslope13 = s1-s3;  mslope13 = s01-s03;
    rslope23 = s2-s3;  mslope23 = s02-s03;
  MODEL TEST:
  !m01=m02;    !!! Distal outcome omnibus Wald test for `read_tes` !!!
    !m02=m03;

    !s01=s02;   !!! Slope difference omnibus Wald test for `read_tes on lunch_pr` !!!
    !s02=s03;

    m1=m2;       !!! Distal outcome omnibus Wald test for `math_tes` !!!
    m2=m3;

    !s1=s2;      !!! Slope difference omnibus Wald test `math_tes on lunch_pr` !!!
    !s2=s3;





*** WARNING
  Data set contains cases with missing on all variables.
  These cases were not included in the analysis.
  Number of cases with missing on all variables:  50
*** WARNING
  Data set contains cases with missing on all variables except
  x-variables.  These cases were not included in the analysis.
  Number of cases with missing on all variables except x-variables:  104
   2 WARNING(S) FOUND IN THE INPUT INSTRUCTIONS




Step2_bch_automation

SUMMARY OF ANALYSIS

Number of groups                                                 1
Number of observations                                        1873

Number of dependent variables                                    2
Number of independent variables                                  1
Number of continuous latent variables                            0
Number of categorical latent variables                           1

Observed dependent variables

  Continuous
   READ_TES    MATH_TES

Observed independent variables
   LUNCH_PR

Categorical latent variables
   C

Variables with special functions

  Training variables (BCH)
   BCHW1       BCHW2       BCHW3

  Centering (GRANDMEAN)
   LUNCH_PR


Estimator                                                      MLR
Information matrix                                        OBSERVED
Optimization Specifications for the Quasi-Newton Algorithm for
Continuous Outcomes
  Maximum number of iterations                                 100
  Convergence criterion                                  0.100D-05
Optimization Specifications for the EM Algorithm
  Maximum number of iterations                                 500
  Convergence criteria
    Loglikelihood change                                 0.100D-06
    Relative loglikelihood change                        0.100D-06
    Derivative                                           0.100D-05
Optimization Specifications for the M step of the EM Algorithm for
Categorical Latent variables
  Number of M step iterations                                    1
  M step convergence criterion                           0.100D-05
  Basis for M step termination                           ITERATION
Optimization Specifications for the M step of the EM Algorithm for
Censored, Binary or Ordered Categorical (Ordinal), Unordered
Categorical (Nominal) and Count Outcomes
  Number of M step iterations                                    1
  M step convergence criterion                           0.100D-05
  Basis for M step termination                           ITERATION
  Maximum value for logit thresholds                            15
  Minimum value for logit thresholds                           -15
  Minimum expected cell size for chi-square              0.100D-01
Maximum number of iterations for H1                           2000
Convergence criterion for H1                             0.100D-03
Optimization algorithm                                         EMA

Input data file(s)
  /Users/agarber/github/BCH-MplusAuto/bch_mplus/step2_bch_moderation.dat
Input data format  FREE


SUMMARY OF DATA

     Number of missing data patterns             2
     Number of y missing data patterns           2
     Number of u missing data patterns           0


COVARIANCE COVERAGE OF DATA

Minimum covariance coverage value   0.100


     PROPORTION OF DATA PRESENT FOR Y


           Covariance Coverage
              READ_TES      MATH_TES      LUNCH_PR
              ________      ________      ________
 READ_TES       1.000
 MATH_TES       0.998         0.998
 LUNCH_PR       1.000         0.998         1.000



UNIVARIATE SAMPLE STATISTICS


     UNIVARIATE HIGHER-ORDER MOMENT DESCRIPTIVE STATISTICS

         Variable/         Mean/     Skewness/   Minimum/ % with                Percentiles
        Sample Size      Variance    Kurtosis    Maximum  Min/Max      20%/60%    40%/80%    Median

     READ_TES             42.765       0.309       2.000    0.05%      24.500     34.000     40.000
            1873.000     405.348      -0.699      99.500    0.05%      47.000     62.000
     MATH_TES             41.580       0.336       0.500    0.05%      24.000     33.000     39.000
            1869.000     431.377      -0.666      97.500    0.11%      46.000     62.000
     LUNCH_PR              0.000      -1.826      -0.837   16.28%       0.163      0.163      0.163
            1873.000       0.136       1.335       0.163   83.72%       0.163      0.163

     THE ESTIMATED COVARIANCE MATRIX FOR THE Y VARIABLES IN CLASS 1 COULD NOT
     BE INVERTED.  PROBLEM INVOLVING VARIABLE MATH_TES.  COMPUTATION COULD
     NOT BE COMPLETED IN ITERATION 2.  CHANGE YOUR MODEL AND/OR STARTING
     VALUES.  THIS MAY BE DUE TO A ZERO ESTIMATED VARIANCE, THAT IS, NO WITHIN-CLASS
     VARIATION FOR THE VARIABLE.


     THE MODEL ESTIMATION DID NOT TERMINATE NORMALLY DUE TO AN ERROR IN THE
     COMPUTATION.  CHANGE YOUR MODEL AND/OR STARTING VALUES.






MODEL RESULTS

                    Estimate

Latent Class 1

 READ_TES   ON
    LUNCH_PR         -29.134

 MATH_TES   ON
    LUNCH_PR        -123.640

 MATH_TES WITH
    READ_TES        3696.816

 Intercepts
    READ_TES         193.108
    MATH_TES         223.343

 Residual Variances
    READ_TES        3495.277
    MATH_TES        3909.977

Latent Class 2

 READ_TES   ON
    LUNCH_PR          -9.401

 MATH_TES   ON
    LUNCH_PR         -12.817

 MATH_TES WITH
    READ_TES        3696.816

 Intercepts
    READ_TES          42.499
    MATH_TES          40.721

 Residual Variances
    READ_TES        3599.112
    MATH_TES        3800.871

Latent Class 3

 READ_TES   ON
    LUNCH_PR          -8.599

 MATH_TES   ON
    LUNCH_PR          -6.077

 MATH_TES WITH
    READ_TES        3696.816

 Intercepts
    READ_TES          44.361
    MATH_TES          39.745

 Residual Variances
    READ_TES        3568.201
    MATH_TES        3860.202

Categorical Latent Variables

 C#1        ON
    LUNCH_PR           2.336

 C#2        ON
    LUNCH_PR           1.440

 Intercepts
    C#1               -1.028
    C#2               -1.504

New/Additional Parameters
    RDIFF12          182.622
    RDIFF13          183.597
    RDIFF23            0.976
    RSLOPE12        -110.824
    RSLOPE13        -117.563
    RSLOPE23          -6.740
    MDIFF12          150.609
    MDIFF13          148.747
    MDIFF23           -1.862
    MSLOPE12         -19.733
    MSLOPE13         -20.534
    MSLOPE23          -0.801


MODEL COMMAND WITH FINAL ESTIMATES USED AS STARTING VALUES

     %OVERALL%

     read_tes ON lunch_pr;
     math_tes ON lunch_pr;

     c#1 ON lunch_pr*2.33635;
     c#2 ON lunch_pr*1.44026;

     [ c#1*-1.02825 ];
     [ c#2*-1.50417 ];

     %C#1%

     read_tes ON lunch_pr*-29.13394 (s01);
     math_tes ON lunch_pr*-123.64037 (s1);

     math_tes WITH read_tes*3696.81616 (6);

     [ read_tes*193.10802 ] (m01);
     [ math_tes*223.34273 ] (m1);

     read_tes*3495.27661;
     math_tes*3909.97656;

     %C#2%

     read_tes ON lunch_pr*-9.40058 (s02);
     math_tes ON lunch_pr*-12.81668 (s2);

     math_tes WITH read_tes*3696.81616 (6);

     [ read_tes*42.49934 ] (m02);
     [ math_tes*40.72113 ] (m2);

     read_tes*3599.11157;
     math_tes*3800.87109;

     %C#3%

     read_tes ON lunch_pr*-8.59945 (s03);
     math_tes ON lunch_pr*-6.07697 (s3);

     math_tes WITH read_tes*3696.81616 (6);

     [ read_tes*44.36115 ] (m03);
     [ math_tes*39.74538 ] (m3);

     read_tes*3568.20117;
     math_tes*3860.20166;

     ! NEW statements in MODEL CONSTRAINT
     NEW(rdiff12*182.62160);
     NEW(rdiff13*183.59735);
     NEW(rdiff23*0.97576);
     NEW(rslope12*-110.82370);
     NEW(rslope13*-117.56341);
     NEW(rslope23*-6.73970);
     NEW(mdiff12*150.60867);
     NEW(mdiff13*148.74687);
     NEW(mdiff23*-1.86181);
     NEW(mslope12*-19.73335);
     NEW(mslope13*-20.53449);
     NEW(mslope23*-0.80114);




     Beginning Time:  13:00:35
        Ending Time:  13:00:35
       Elapsed Time:  00:00:00



MUTHEN & MUTHEN
3463 Stoner Ave.
Los Angeles, CA  90066

Tel: (310) 391-9971
Fax: (310) 391-8971
Web: www.StatModel.com
Support: Support@StatModel.com

Copyright (c) 1998-2021 Muthen & Muthen
